In file included from [01m[K/usr/include/eigen3/Eigen/Core:297:0[m[K,
                 from [01m[K/usr/include/eigen3/Eigen/Geometry:11[m[K,
                 from [01m[K/opt/ros/kinetic/include/moveit/robot_model/joint_model.h:47[m[K,
                 from [01m[K/opt/ros/kinetic/include/moveit/robot_model/joint_model_group.h:41[m[K,
                 from [01m[K/opt/ros/kinetic/include/moveit/robot_model/robot_model.h:47[m[K,
                 from [01m[K/opt/ros/kinetic/include/moveit/robot_model_loader/robot_model_loader.h:41[m[K,
                 from [01m[K/home/fshodzoncy/robotic_arm/src/moveit_tutorials/doc/interactivity/include/interactivity/interactive_robot.h:43[m[K,
                 from [01m[K/home/fshodzoncy/robotic_arm/src/moveit_tutorials/doc/interactivity/src/interactive_robot.cpp:39[m[K:
/usr/include/eigen3/Eigen/src/Geometry/Transform.h: In instantiation of â€˜[01m[KEigen::Transform<Scalar, Dim, Mode, _Options>::Transform(const Eigen::Transform<_Scalar, Dim, OtherMode, OtherOptions>&) [with int OtherMode = 2; int OtherOptions = 0; _Scalar = double; int _Dim = 3; int _Mode = 1; int _Options = 0][m[Kâ€™:
[01m[K/home/fshodzoncy/robotic_arm/src/moveit_tutorials/doc/interactivity/src/interactive_robot.cpp:88:32:[m[K   required from here
[01m[K/usr/include/eigen3/Eigen/src/Geometry/Transform.h:330:5:[m[K [01;31m[Kerror: [m[Kstatic assertion failed: YOU_PERFORMED_AN_INVALID_TRANSFORMATION_CONVERSION
     EIGEN_STATIC_ASSERT(EIGEN_IMPLIES(OtherMode==int(Affine)||OtherMode==int(AffineCompact), Mode!=int(Isometry)),
[01;32m[K     ^[m[K
[01m[K/home/fshodzoncy/robotic_arm/src/moveit_tutorials/doc/move_group_interface/src/move_group_interface_tutorial.cpp:[m[K In function â€˜[01m[Kint main(int, char**)[m[Kâ€™:
[01m[K/home/fshodzoncy/robotic_arm/src/moveit_tutorials/doc/move_group_interface/src/move_group_interface_tutorial.cpp:116:34:[m[K [01;31m[Kerror: [m[Kâ€˜[01m[Kclass moveit::planning_interface::MoveGroupInterface[m[Kâ€™ has no member named â€˜[01m[KgetJointModelGroupNames[m[Kâ€™
   std::copy(move_group_interface.getJointModelGroupNames().begin(),
[01;32m[K                                  ^[m[K
[01m[K/home/fshodzoncy/robotic_arm/src/moveit_tutorials/doc/move_group_interface/src/move_group_interface_tutorial.cpp:117:34:[m[K [01;31m[Kerror: [m[Kâ€˜[01m[Kclass moveit::planning_interface::MoveGroupInterface[m[Kâ€™ has no member named â€˜[01m[KgetJointModelGroupNames[m[Kâ€™
             move_group_interface.getJointModelGroupNames().end(), std::ostream_iterator<std::string>(std::cout, ", "));
[01;32m[K                                  ^[m[K
[01m[K/home/fshodzoncy/robotic_arm/src/moveit_tutorials/doc/move_group_interface/src/move_group_interface_tutorial.cpp:324:42:[m[K [01;31m[Kerror: [m[Kno matching function for call to â€˜[01m[Kmoveit::planning_interface::MoveGroupInterface::execute(moveit_msgs::RobotTrajectory&)[m[Kâ€™
   move_group_interface.execute(trajectory);
[01;32m[K                                          ^[m[K
In file included from [01m[K/home/fshodzoncy/robotic_arm/src/moveit_tutorials/doc/move_group_interface/src/move_group_interface_tutorial.cpp:37:0[m[K:
[01m[K/opt/ros/kinetic/include/moveit/move_group_interface/move_group_interface.h:708:19:[m[K [01;36m[Knote: [m[Kcandidate: moveit::planning_interface::MoveItErrorCode moveit::planning_interface::MoveGroupInterface::execute(const moveit::planning_interface::MoveGroupInterface::Plan&)
   MoveItErrorCode execute(const Plan& plan);
[01;32m[K                   ^[m[K
[01m[K/opt/ros/kinetic/include/moveit/move_group_interface/move_group_interface.h:708:19:[m[K [01;36m[Knote: [m[K  no known conversion for argument 1 from â€˜[01m[Kmoveit_msgs::RobotTrajectory {aka moveit_msgs::RobotTrajectory_<std::allocator<void> >}[m[Kâ€™ to â€˜[01m[Kconst moveit::planning_interface::MoveGroupInterface::Plan&[m[Kâ€™
make[2]: *** [doc/interactivity/CMakeFiles/interactivity_utils.dir/src/interactive_robot.cpp.o] Error 1
make[2]: *** Waiting for unfinished jobs....
make[1]: *** [doc/interactivity/CMakeFiles/interactivity_utils.dir/all] Error 2
make[1]: *** Waiting for unfinished jobs....
make[2]: *** [doc/move_group_interface/CMakeFiles/move_group_interface_tutorial.dir/src/move_group_interface_tutorial.cpp.o] Error 1
make[1]: *** [doc/move_group_interface/CMakeFiles/move_group_interface_tutorial.dir/all] Error 2
make: *** [all] Error 2
